app/build/intermediates/manifest_merge_blame_file/debug/manifest-merger-blame-debug-report.txt
1<?xml version="1.0" encoding="utf-8"?>
2<manifest xmlns:android="http://schemas.android.com/apk/res/android"
3    package="com.service.sohan.nfcreadwritetest"
4    android:versionCode="11"
5    android:versionName="3.0.7" >
6
7    <uses-sdk
8        android:minSdkVersion="15"
8-->src\main\AndroidManifest.xml
9        android:targetSdkVersion="28" />
9-->src\main\AndroidManifest.xml
10
11    <uses-permission android:name="android.permission.ACCESS_NETWORK_STATE" />
11-->src\main\AndroidManifest.xml:5:5-79
11-->src\main\AndroidManifest.xml:5:22-76
12    <uses-permission android:name="android.permission.NFC" />
12-->src\main\AndroidManifest.xml:6:5-62
12-->src\main\AndroidManifest.xml:6:22-59
13    <uses-permission android:name="android.permission.INTERNET" />
13-->src\main\AndroidManifest.xml:7:5-67
13-->src\main\AndroidManifest.xml:7:22-64
14    <uses-permission android:name="android.permission.READ_PHONE_STATE" />
14-->src\main\AndroidManifest.xml:8:5-75
14-->src\main\AndroidManifest.xml:8:22-72
15
16    <uses-feature
16-->src\main\AndroidManifest.xml:10:5-12:35
17        android:name="android.hardware.nfc"
17-->src\main\AndroidManifest.xml:11:9-44
18        android:required="true" />
18-->src\main\AndroidManifest.xml:12:9-32
19
20    <application
20-->src\main\AndroidManifest.xml:14:5-54:19
21        android:allowBackup="true"
21-->src\main\AndroidManifest.xml:15:9-35
22        android:appComponentFactory="android.support.v4.app.CoreComponentFactory"
22-->[com.android.support:support-compat:28.0.0] AndroidManifest.xml:22:18-91
23        android:debuggable="true"
24        android:icon="@mipmap/launcher_icon_new"
24-->src\main\AndroidManifest.xml:16:9-49
25        android:label="@string/app_name"
25-->src\main\AndroidManifest.xml:17:9-41
26        android:roundIcon="@mipmap/launcher_icon_new"
26-->src\main\AndroidManifest.xml:18:9-54
27        android:supportsRtl="true"
27-->src\main\AndroidManifest.xml:19:9-35
28        android:testOnly="true"
29        android:theme="@style/AppTheme"
29-->src\main\AndroidManifest.xml:20:9-40
30        android:usesCleartextTraffic="true" >
30-->src\main\AndroidManifest.xml:21:9-44
31        <activity android:name="com.service.sohan.nfcreadwritetest.WebViewActivity" />
31-->src\main\AndroidManifest.xml:22:9-62
31-->src\main\AndroidManifest.xml:22:19-50
32
33        <meta-data
33-->src\main\AndroidManifest.xml:23:9-25:55
34            android:name="android.nfc.action.TECH_DISCOVERED"
34-->src\main\AndroidManifest.xml:24:13-62
35            android:resource="@xml/nfc_tech_filter" />
35-->src\main\AndroidManifest.xml:25:13-52
36
37        <activity android:name="com.service.sohan.nfcreadwritetest.MainActivity" >
37-->src\main\AndroidManifest.xml:26:9-32:20
37-->src\main\AndroidManifest.xml:26:19-47
38            <intent-filter>
38-->src\main\AndroidManifest.xml:27:13-31:29
39                <action android:name="android.intent.action.MAIN" />
39-->src\main\AndroidManifest.xml:28:17-69
39-->src\main\AndroidManifest.xml:28:25-66
40
41                <category android:name="android.intent.category.LAUNCHER" />
41-->src\main\AndroidManifest.xml:29:17-77
41-->src\main\AndroidManifest.xml:29:27-74
42            </intent-filter>
43        </activity>
44        <activity
44-->src\main\AndroidManifest.xml:33:9-44:20
45            android:name="com.service.sohan.nfcreadwritetest.ReadActivity"
45-->src\main\AndroidManifest.xml:34:13-41
46            android:windowSoftInputMode="stateHidden" >
46-->src\main\AndroidManifest.xml:35:13-54
47            <intent-filter>
47-->src\main\AndroidManifest.xml:36:13-42:29
48                <action android:name="android.nfc.action.NDEF_DISCOVERED" />
48-->src\main\AndroidManifest.xml:37:17-77
48-->src\main\AndroidManifest.xml:37:25-74
49
50                <category android:name="android.intent.category.DEFAULT" />
50-->src\main\AndroidManifest.xml:39:17-76
50-->src\main\AndroidManifest.xml:39:27-73
51
52                <data android:mimeType="text/plain" />
52-->src\main\AndroidManifest.xml:41:17-55
52-->src\main\AndroidManifest.xml:41:23-52
53            </intent-filter>
54        </activity>
55        <activity android:name="com.service.sohan.nfcreadwritetest.WriteActivity" >
55-->src\main\AndroidManifest.xml:45:9-53:20
55-->src\main\AndroidManifest.xml:45:19-48
56
57            <!-- <intent-filter> -->
58            <!-- <action android:name="android.nfc.action.NDEF_DISCOVERED" /> -->
59
60
61            <!-- <category android:name="android.intent.category.ALTERNATIVE" /> -->
62
63
64            <!-- <data android:mimeType="text/plain" /> -->
65            <!-- </intent-filter> -->
66        </activity>
67    </application>
68
69</manifest>